<?xml version="1.0" encoding="UTF-8"?>
<testng-results skipped="0" failed="0" ignored="0" total="2" passed="2">
  <reporter-output>
  </reporter-output>
  <suite name="Default suite" duration-ms="739" started-at="2017-09-08T02:33:49Z" finished-at="2017-09-08T02:33:49Z">
    <groups>
    </groups>
    <test name="Default test" duration-ms="739" started-at="2017-09-08T02:33:49Z" finished-at="2017-09-08T02:33:49Z">
      <class name="com.automation.util.ExcelFileReader">
        <test-method status="PASS" signature="ExecuteTest()[pri:0, instance:com.automation.util.ExcelFileReader@1caeb3e]" name="ExecuteTest" duration-ms="688" started-at="2017-09-07T19:33:49Z" finished-at="2017-09-07T19:33:49Z">
          <reporter-output>
          </reporter-output>
        </test-method> <!-- ExecuteTest -->
        <test-method status="PASS" signature="locateAndOpenExcelFile()[pri:0, instance:com.automation.util.ExcelFileReader@1caeb3e]" name="locateAndOpenExcelFile" duration-ms="32" started-at="2017-09-07T19:33:49Z" finished-at="2017-09-07T19:33:49Z">
          <reporter-output>
          </reporter-output>
        </test-method> <!-- locateAndOpenExcelFile -->
      </class> <!-- com.automation.util.ExcelFileReader -->
    </test> <!-- Default test -->
  </suite> <!-- Default suite -->
</testng-results>
