<?xml version="1.0" encoding="UTF-8"?>
<testng-results skipped="0" failed="0" ignored="0" total="2" passed="2">
  <reporter-output>
  </reporter-output>
  <suite name="Default suite" duration-ms="54165" started-at="2017-09-10T02:31:40Z" finished-at="2017-09-10T02:32:34Z">
    <groups>
    </groups>
    <test name="Default test" duration-ms="54165" started-at="2017-09-10T02:31:40Z" finished-at="2017-09-10T02:32:34Z">
      <class name="com.automation.tests.MacysLoginTest">
        <test-method status="PASS" signature="macysLoginScriptTest(java.lang.String, java.lang.String)[pri:0, instance:com.automation.tests.MacysLoginTest@d80b78]" name="macysLoginScriptTest" duration-ms="26269" started-at="2017-09-09T19:31:40Z" data-provider="testdata" finished-at="2017-09-09T19:32:07Z">
          <params>
            <param index="0">
              <value>
                <![CDATA[macys11@test.com]]>
              </value>
            </param>
            <param index="1">
              <value>
                <![CDATA[test1234]]>
              </value>
            </param>
          </params>
          <reporter-output>
          </reporter-output>
        </test-method> <!-- macysLoginScriptTest -->
        <test-method status="PASS" signature="macysLoginScriptTest(java.lang.String, java.lang.String)[pri:0, instance:com.automation.tests.MacysLoginTest@d80b78]" name="macysLoginScriptTest" duration-ms="27162" started-at="2017-09-09T19:32:07Z" data-provider="testdata" finished-at="2017-09-09T19:32:34Z">
          <params>
            <param index="0">
              <value>
                <![CDATA[macys12@test.com]]>
              </value>
            </param>
            <param index="1">
              <value>
                <![CDATA[test1234]]>
              </value>
            </param>
          </params>
          <reporter-output>
          </reporter-output>
        </test-method> <!-- macysLoginScriptTest -->
      </class> <!-- com.automation.tests.MacysLoginTest -->
    </test> <!-- Default test -->
  </suite> <!-- Default suite -->
</testng-results>
